<?xml version="1.0" encoding="UTF-8"?>
<testng-results skipped="0" failed="0" ignored="0" total="1" passed="1">
  <reporter-output>
  </reporter-output>
  <suite name="com.test.LoginTest" duration-ms="8998" started-at="2018-11-19T13:12:21Z" finished-at="2018-11-19T13:12:30Z">
    <groups>
    </groups>
    <test name="Command line test" duration-ms="8998" started-at="2018-11-19T13:12:21Z" finished-at="2018-11-19T13:12:30Z">
      <class name="com.test.LoginTest">
        <test-method status="PASS" signature="openurl()[pri:0, instance:com.test.LoginTest@13fee20c]" name="openurl" is-config="true" duration-ms="6457" started-at="2018-11-19T13:12:21Z" finished-at="2018-11-19T13:12:27Z">
          <reporter-output>
          </reporter-output>
        </test-method> <!-- openurl -->
        <test-method status="PASS" signature="yahoologintestmethod()[pri:0, instance:com.test.LoginTest@13fee20c]" name="yahoologintestmethod" duration-ms="209" started-at="2018-11-19T13:12:27Z" finished-at="2018-11-19T13:12:27Z">
          <reporter-output>
          </reporter-output>
        </test-method> <!-- yahoologintestmethod -->
        <test-method status="PASS" signature="teardown()[pri:0, instance:com.test.LoginTest@13fee20c]" name="teardown" is-config="true" duration-ms="2309" started-at="2018-11-19T13:12:27Z" finished-at="2018-11-19T13:12:30Z">
          <reporter-output>
          </reporter-output>
        </test-method> <!-- teardown -->
      </class> <!-- com.test.LoginTest -->
    </test> <!-- Command line test -->
  </suite> <!-- com.test.LoginTest -->
</testng-results>
