<?xml version="1.0" encoding="UTF-8"?>
<testng-results skipped="0" failed="0" ignored="0" total="1" passed="1">
  <reporter-output>
  </reporter-output>
  <suite name="FREE CRM Application Test Automation Test Suite" duration-ms="11168" started-at="2018-11-23T10:31:32Z" finished-at="2018-11-23T10:31:43Z">
    <groups>
    </groups>
    <test name="Free CRM App Test Cases" duration-ms="11168" started-at="2018-11-23T10:31:32Z" finished-at="2018-11-23T10:31:43Z">
      <class name="com.test.LoginTest">
        <test-method status="PASS" signature="openurl()[pri:0, instance:com.test.LoginTest@3bfdc050]" name="openurl" is-config="true" duration-ms="8615" started-at="2018-11-23T10:31:32Z" finished-at="2018-11-23T10:31:41Z">
          <reporter-output>
          </reporter-output>
        </test-method> <!-- openurl -->
        <test-method status="PASS" signature="yahoologintestmethod()[pri:0, instance:com.test.LoginTest@3bfdc050]" name="yahoologintestmethod" duration-ms="216" started-at="2018-11-23T10:31:41Z" finished-at="2018-11-23T10:31:41Z">
          <reporter-output>
          </reporter-output>
        </test-method> <!-- yahoologintestmethod -->
        <test-method status="PASS" signature="teardown(org.testng.ITestResult)[pri:0, instance:com.test.LoginTest@3bfdc050]" name="teardown" is-config="true" duration-ms="2314" started-at="2018-11-23T10:31:41Z" finished-at="2018-11-23T10:31:43Z">
          <params>
            <param index="0">
              <value>
                <![CDATA[[TestResult name=yahoologintestmethod status=SUCCESS method=LoginTest.yahoologintestmethod()[pri:0, instance:com.test.LoginTest@3bfdc050] output={null}]]]>
              </value>
            </param>
          </params>
          <reporter-output>
          </reporter-output>
        </test-method> <!-- teardown -->
      </class> <!-- com.test.LoginTest -->
    </test> <!-- Free CRM App Test Cases -->
  </suite> <!-- FREE CRM Application Test Automation Test Suite -->
</testng-results>
